[27/Nov/2017 10:14:53 ] settings     DEBUG    DESKTOP_DB_TEST_NAME SET: /home/cloudera/hue3.11/desktop/desktop-test.db
[27/Nov/2017 10:14:53 ] settings     DEBUG    DESKTOP_DB_TEST_USER SET: hue_test
[27/Nov/2017 10:14:54 ] settings     DEBUG    DESKTOP_DB_TEST_NAME SET: /home/cloudera/hue3.11/desktop/desktop-test.db
[27/Nov/2017 10:14:54 ] settings     DEBUG    DESKTOP_DB_TEST_USER SET: hue_test
[27/Nov/2017 10:14:55 -0800] generic      DEBUG    execute "CREATE TABLE "desktop_userpreferences" ("value" text NOT NULL, "id" integer NOT NULL PRIMARY KEY, "key" varchar(20) NOT NULL, "user_id" integer NOT NULL)" with params "[]"
[27/Nov/2017 10:14:55 -0800] generic      DEBUG    execute "CREATE INDEX "desktop_userpreferences_6340c63c" ON "desktop_userpreferences" ("user_id");" with params "[]"
[27/Nov/2017 10:14:55 -0800] generic      DEBUG    execute "CREATE TABLE "desktop_settings" ("collect_usage" bool NOT NULL, "id" integer NOT NULL PRIMARY KEY)" with params "[]"
[27/Nov/2017 10:14:55 -0800] generic      DEBUG    execute "CREATE INDEX "desktop_settings_02d738b3" ON "desktop_settings" ("collect_usage");" with params "[]"
[27/Nov/2017 10:14:55 -0800] generic      DEBUG    execute "CREATE TABLE "_south_new_desktop_settings" ("tours_and_tutorials" bool NOT NULL, "id" integer PRIMARY KEY, "collect_usage" bool NOT NULL)" with params "[]"
[27/Nov/2017 10:14:55 -0800] generic      DEBUG    execute "INSERT INTO "_south_new_desktop_settings" ("collect_usage", "id", "tours_and_tutorials") SELECT "collect_usage", "id", 'True' as "tours_and_tutorials" FROM "desktop_settings";" with params "[]"
[27/Nov/2017 10:14:55 -0800] generic      DEBUG    execute "DROP TABLE "desktop_settings";" with params "[]"
[27/Nov/2017 10:14:55 -0800] generic      DEBUG    execute "ALTER TABLE "_south_new_desktop_settings" RENAME TO "desktop_settings";" with params "[]"
[27/Nov/2017 10:14:55 -0800] generic      DEBUG    execute "CREATE INDEX "desktop_settings_02d738b3" ON "desktop_settings"("collect_usage");" with params "[]"
[27/Nov/2017 10:14:55 -0800] generic      DEBUG    execute "CREATE TABLE "desktop_document" ("description" text NOT NULL, "extra" text NOT NULL, "object_id" integer unsigned NOT NULL, "last_modified" datetime NOT NULL, "content_type_id" integer NOT NULL, "version" smallint NOT NULL, "owner_id" integer NOT NULL, "id" integer NOT NULL PRIMARY KEY, "name" text NOT NULL)" with params "[]"
[27/Nov/2017 10:14:55 -0800] generic      DEBUG    execute "CREATE TABLE "desktop_documentpermission" ("perms" text NOT NULL, "doc_id" integer NOT NULL, "id" integer NOT NULL PRIMARY KEY)" with params "[]"
[27/Nov/2017 10:14:55 -0800] generic      DEBUG    execute "CREATE TABLE "documentpermission_users" ("id" integer NOT NULL PRIMARY KEY, "documentpermission_id" integer NOT NULL, "user_id" integer NOT NULL)" with params "[]"
[27/Nov/2017 10:14:55 -0800] generic      DEBUG    execute "CREATE UNIQUE INDEX "documentpermission_users_documentpermission_id__user_id" ON "documentpermission_users"("documentpermission_id", "user_id");" with params "[]"
[27/Nov/2017 10:14:55 -0800] generic      DEBUG    execute "CREATE TABLE "documentpermission_groups" ("id" integer NOT NULL PRIMARY KEY, "documentpermission_id" integer NOT NULL, "group_id" integer NOT NULL)" with params "[]"
[27/Nov/2017 10:14:55 -0800] generic      DEBUG    execute "CREATE UNIQUE INDEX "documentpermission_groups_documentpermission_id__group_id" ON "documentpermission_groups"("documentpermission_id", "group_id");" with params "[]"
[27/Nov/2017 10:14:55 -0800] generic      DEBUG    execute "CREATE TABLE "desktop_documenttag" ("owner_id" integer NOT NULL, "tag" varchar(50) NOT NULL, "id" integer NOT NULL PRIMARY KEY)" with params "[]"
[27/Nov/2017 10:14:55 -0800] generic      DEBUG    execute "CREATE TABLE "desktop_document_tags" ("id" integer NOT NULL PRIMARY KEY, "document_id" integer NOT NULL, "documenttag_id" integer NOT NULL)" with params "[]"
[27/Nov/2017 10:14:55 -0800] generic      DEBUG    execute "CREATE UNIQUE INDEX "desktop_document_tags_document_id__documenttag_id" ON "desktop_document_tags"("document_id", "documenttag_id");" with params "[]"
[27/Nov/2017 10:14:55 -0800] models       ERROR    error syncing oozie
Traceback (most recent call last):
  File "/home/cloudera/hue3.11/desktop/core/src/desktop/models.py", line 385, in sync
    from oozie.models import Workflow, Coordinator, Bundle
ImportError: No module named oozie.models
[27/Nov/2017 10:14:55 -0800] models       ERROR    error syncing beeswax
Traceback (most recent call last):
  File "/home/cloudera/hue3.11/desktop/core/src/desktop/models.py", line 412, in sync
    from beeswax.models import SavedQuery
ImportError: No module named beeswax.models
[27/Nov/2017 10:14:55 -0800] models       ERROR    error syncing pig
Traceback (most recent call last):
  File "/home/cloudera/hue3.11/desktop/core/src/desktop/models.py", line 424, in sync
    from pig.models import PigScript
ImportError: No module named pig.models
[27/Nov/2017 10:14:55 -0800] models       ERROR    error syncing search
Traceback (most recent call last):
  File "/home/cloudera/hue3.11/desktop/core/src/desktop/models.py", line 434, in sync
    from search.models import Collection
ImportError: No module named search.models
[27/Nov/2017 10:14:55 -0800] models       INFO     Looking for documents that have no object
[27/Nov/2017 10:14:55 -0800] generic      DEBUG    execute "CREATE INDEX "desktop_document_5ccb38e5" ON "desktop_document" ("last_modified");" with params "[]"
[27/Nov/2017 10:14:55 -0800] generic      DEBUG    execute "CREATE INDEX "desktop_document_37ef4eb4" ON "desktop_document" ("content_type_id");" with params "[]"
[27/Nov/2017 10:14:55 -0800] generic      DEBUG    execute "CREATE INDEX "desktop_document_cb902d83" ON "desktop_document" ("owner_id");" with params "[]"
[27/Nov/2017 10:14:55 -0800] generic      DEBUG    execute "CREATE INDEX "desktop_documentpermission_fbbb6049" ON "desktop_documentpermission" ("doc_id");" with params "[]"
[27/Nov/2017 10:14:55 -0800] generic      DEBUG    execute "CREATE INDEX "documentpermission_users_35c59db1" ON "documentpermission_users" ("documentpermission_id");" with params "[]"
[27/Nov/2017 10:14:55 -0800] generic      DEBUG    execute "CREATE INDEX "documentpermission_users_6340c63c" ON "documentpermission_users" ("user_id");" with params "[]"
[27/Nov/2017 10:14:55 -0800] generic      DEBUG    execute "CREATE INDEX "documentpermission_groups_35c59db1" ON "documentpermission_groups" ("documentpermission_id");" with params "[]"
[27/Nov/2017 10:14:55 -0800] generic      DEBUG    execute "CREATE INDEX "documentpermission_groups_5f412f9a" ON "documentpermission_groups" ("group_id");" with params "[]"
[27/Nov/2017 10:14:55 -0800] generic      DEBUG    execute "CREATE INDEX "desktop_documenttag_cb902d83" ON "desktop_documenttag" ("owner_id");" with params "[]"
[27/Nov/2017 10:14:55 -0800] generic      DEBUG    execute "CREATE INDEX "desktop_documenttag_5659cca2" ON "desktop_documenttag" ("tag");" with params "[]"
[27/Nov/2017 10:14:55 -0800] generic      DEBUG    execute "CREATE INDEX "desktop_document_tags_b7398729" ON "desktop_document_tags" ("document_id");" with params "[]"
[27/Nov/2017 10:14:55 -0800] generic      DEBUG    execute "CREATE INDEX "desktop_document_tags_21e9f328" ON "desktop_document_tags" ("documenttag_id");" with params "[]"
[27/Nov/2017 10:14:55 -0800] generic      DEBUG    execute "CREATE TABLE "_south_new_desktop_document" ("content_type_id" integer NOT NULL, "extra" text NOT NULL, "object_id" integer unsigned NOT NULL, "name" varchar(255) NULL, "version" smallint NOT NULL, "last_modified" datetime NOT NULL, "owner_id" integer NOT NULL, "id" integer PRIMARY KEY, "description" text NOT NULL)" with params "[]"
[27/Nov/2017 10:14:55 -0800] generic      DEBUG    execute "INSERT INTO "_south_new_desktop_document" ("description", "extra", "object_id", "last_modified", "content_type_id", "version", "owner_id", "id", "name") SELECT "description", "extra", "object_id", "last_modified", "content_type_id", "version", "owner_id", "id", "name" FROM "desktop_document";" with params "[]"
[27/Nov/2017 10:14:55 -0800] generic      DEBUG    execute "DROP TABLE "desktop_document";" with params "[]"
[27/Nov/2017 10:14:55 -0800] generic      DEBUG    execute "ALTER TABLE "_south_new_desktop_document" RENAME TO "desktop_document";" with params "[]"
[27/Nov/2017 10:14:55 -0800] generic      DEBUG    execute "CREATE INDEX "desktop_document_cb902d83" ON "desktop_document"("owner_id");" with params "[]"
[27/Nov/2017 10:14:55 -0800] generic      DEBUG    execute "CREATE INDEX "desktop_document_37ef4eb4" ON "desktop_document"("content_type_id");" with params "[]"
[27/Nov/2017 10:14:55 -0800] generic      DEBUG    execute "CREATE INDEX "desktop_document_5ccb38e5" ON "desktop_document"("last_modified");" with params "[]"
[27/Nov/2017 10:14:55 -0800] generic      DEBUG    execute "CREATE TABLE "desktop_document2" ("id" integer NOT NULL PRIMARY KEY, "owner_id" integer NOT NULL, "name" varchar(255) NOT NULL, "description" text NOT NULL, "uuid" varchar(32) NOT NULL, "type" varchar(32) NOT NULL, "data" text NOT NULL, "extra" text NOT NULL, "last_modified" datetime NOT NULL, "version" smallint NOT NULL, "is_history" bool NOT NULL)" with params "[]"
[27/Nov/2017 10:14:55 -0800] generic      DEBUG    execute "CREATE TABLE "desktop_document2_tags" ("id" integer NOT NULL PRIMARY KEY, "from_document2_id" integer NOT NULL, "to_document2_id" integer NOT NULL)" with params "[]"
[27/Nov/2017 10:14:55 -0800] generic      DEBUG    execute "CREATE UNIQUE INDEX "desktop_document2_tags_from_document2_id__to_document2_id" ON "desktop_document2_tags"("from_document2_id", "to_document2_id");" with params "[]"
[27/Nov/2017 10:14:55 -0800] generic      DEBUG    execute "CREATE TABLE "desktop_document2_dependencies" ("id" integer NOT NULL PRIMARY KEY, "from_document2_id" integer NOT NULL, "to_document2_id" integer NOT NULL)" with params "[]"
[27/Nov/2017 10:14:55 -0800] generic      DEBUG    execute "CREATE UNIQUE INDEX "desktop_document2_dependencies_from_document2_id__to_document2_id" ON "desktop_document2_dependencies"("from_document2_id", "to_document2_id");" with params "[]"
[27/Nov/2017 10:14:55 -0800] generic      DEBUG    execute "UPDATE "desktop_userpreferences" SET "key"=%s WHERE "key" IS NULL" with params "[u'']"
[27/Nov/2017 10:14:55 -0800] generic      DEBUG    execute "CREATE TABLE "_south_new_desktop_userpreferences" ("key" varchar(20) NOT NULL, "user_id" integer NOT NULL, "id" integer PRIMARY KEY, "value" text NOT NULL)" with params "[]"
[27/Nov/2017 10:14:55 -0800] generic      DEBUG    execute "INSERT INTO "_south_new_desktop_userpreferences" ("value", "id", "key", "user_id") SELECT "value", "id", "key", "user_id" FROM "desktop_userpreferences";" with params "[]"
[27/Nov/2017 10:14:55 -0800] generic      DEBUG    execute "DROP TABLE "desktop_userpreferences";" with params "[]"
[27/Nov/2017 10:14:55 -0800] generic      DEBUG    execute "ALTER TABLE "_south_new_desktop_userpreferences" RENAME TO "desktop_userpreferences";" with params "[]"
[27/Nov/2017 10:14:55 -0800] generic      DEBUG    execute "CREATE INDEX "desktop_userpreferences_6340c63c" ON "desktop_userpreferences"("user_id");" with params "[]"
[27/Nov/2017 10:14:55 -0800] generic      DEBUG    execute "UPDATE "desktop_userpreferences" SET "value"=%s WHERE "value" IS NULL" with params "[u'']"
[27/Nov/2017 10:14:55 -0800] generic      DEBUG    execute "CREATE TABLE "_south_new_desktop_userpreferences" ("value" text NOT NULL, "user_id" integer NOT NULL, "id" integer PRIMARY KEY, "key" varchar(20) NOT NULL)" with params "[]"
[27/Nov/2017 10:14:55 -0800] generic      DEBUG    execute "INSERT INTO "_south_new_desktop_userpreferences" ("key", "user_id", "id", "value") SELECT "key", "user_id", "id", "value" FROM "desktop_userpreferences";" with params "[]"
[27/Nov/2017 10:14:55 -0800] generic      DEBUG    execute "DROP TABLE "desktop_userpreferences";" with params "[]"
[27/Nov/2017 10:14:55 -0800] generic      DEBUG    execute "ALTER TABLE "_south_new_desktop_userpreferences" RENAME TO "desktop_userpreferences";" with params "[]"
[27/Nov/2017 10:14:55 -0800] generic      DEBUG    execute "CREATE INDEX "desktop_userpreferences_6340c63c" ON "desktop_userpreferences"("user_id");" with params "[]"
[27/Nov/2017 10:14:55 -0800] generic      DEBUG    execute "CREATE TABLE "_south_new_desktop_documentpermission" ("perms" text NOT NULL, "doc_id" integer NOT NULL, "id" integer PRIMARY KEY)" with params "[]"
[27/Nov/2017 10:14:55 -0800] generic      DEBUG    execute "INSERT INTO "_south_new_desktop_documentpermission" ("perms", "doc_id", "id") SELECT "perms", "doc_id", "id" FROM "desktop_documentpermission";" with params "[]"
[27/Nov/2017 10:14:55 -0800] generic      DEBUG    execute "DROP TABLE "desktop_documentpermission";" with params "[]"
[27/Nov/2017 10:14:55 -0800] generic      DEBUG    execute "ALTER TABLE "_south_new_desktop_documentpermission" RENAME TO "desktop_documentpermission";" with params "[]"
[27/Nov/2017 10:14:55 -0800] generic      DEBUG    execute "CREATE INDEX "desktop_documentpermission_fbbb6049" ON "desktop_documentpermission"("doc_id");" with params "[]"
[27/Nov/2017 10:14:55 -0800] generic      DEBUG    execute "UPDATE "desktop_documenttag" SET "tag"=%s WHERE "tag" IS NULL" with params "[u'']"
[27/Nov/2017 10:14:55 -0800] generic      DEBUG    execute "CREATE TABLE "_south_new_desktop_documenttag" ("tag" varchar(50) NOT NULL, "id" integer PRIMARY KEY, "owner_id" integer NOT NULL)" with params "[]"
[27/Nov/2017 10:14:55 -0800] generic      DEBUG    execute "INSERT INTO "_south_new_desktop_documenttag" ("owner_id", "tag", "id") SELECT "owner_id", "tag", "id" FROM "desktop_documenttag";" with params "[]"
[27/Nov/2017 10:14:55 -0800] generic      DEBUG    execute "DROP TABLE "desktop_documenttag";" with params "[]"
[27/Nov/2017 10:14:55 -0800] generic      DEBUG    execute "ALTER TABLE "_south_new_desktop_documenttag" RENAME TO "desktop_documenttag";" with params "[]"
[27/Nov/2017 10:14:55 -0800] generic      DEBUG    execute "CREATE INDEX "desktop_documenttag_5659cca2" ON "desktop_documenttag"("tag");" with params "[]"
[27/Nov/2017 10:14:55 -0800] generic      DEBUG    execute "CREATE INDEX "desktop_documenttag_cb902d83" ON "desktop_documenttag"("owner_id");" with params "[]"
[27/Nov/2017 10:14:55 -0800] generic      DEBUG    execute "CREATE TABLE "_south_new_desktop_document" ("name" varchar(255), "extra" text NOT NULL, "description" text NOT NULL, "object_id" integer unsigned NOT NULL, "version" smallint NOT NULL, "last_modified" datetime NOT NULL, "owner_id" integer NOT NULL, "id" integer PRIMARY KEY, "content_type_id" integer NOT NULL)" with params "[]"
[27/Nov/2017 10:14:55 -0800] generic      DEBUG    execute "INSERT INTO "_south_new_desktop_document" ("content_type_id", "extra", "object_id", "name", "version", "last_modified", "owner_id", "id", "description") SELECT "content_type_id", "extra", "object_id", "name", "version", "last_modified", "owner_id", "id", "description" FROM "desktop_document";" with params "[]"
[27/Nov/2017 10:14:55 -0800] generic      DEBUG    execute "DROP TABLE "desktop_document";" with params "[]"
[27/Nov/2017 10:14:55 -0800] generic      DEBUG    execute "ALTER TABLE "_south_new_desktop_document" RENAME TO "desktop_document";" with params "[]"
[27/Nov/2017 10:14:55 -0800] generic      DEBUG    execute "CREATE INDEX "desktop_document_5ccb38e5" ON "desktop_document"("last_modified");" with params "[]"
[27/Nov/2017 10:14:55 -0800] generic      DEBUG    execute "CREATE INDEX "desktop_document_37ef4eb4" ON "desktop_document"("content_type_id");" with params "[]"
[27/Nov/2017 10:14:55 -0800] generic      DEBUG    execute "CREATE INDEX "desktop_document_cb902d83" ON "desktop_document"("owner_id");" with params "[]"
[27/Nov/2017 10:14:55 -0800] generic      DEBUG    execute "CREATE TABLE "_south_new_desktop_document" ("description" text NOT NULL, "extra" text NOT NULL, "object_id" integer unsigned NOT NULL, "content_type_id" integer NOT NULL, "version" smallint NOT NULL, "last_modified" datetime NOT NULL, "owner_id" integer NOT NULL, "id" integer PRIMARY KEY, "name" varchar(255) NOT NULL)" with params "[]"
[27/Nov/2017 10:14:55 -0800] generic      DEBUG    execute "INSERT INTO "_south_new_desktop_document" ("name", "extra", "description", "object_id", "version", "last_modified", "owner_id", "id", "content_type_id") SELECT "name", "extra", "description", "object_id", "version", "last_modified", "owner_id", "id", "content_type_id" FROM "desktop_document";" with params "[]"
[27/Nov/2017 10:14:55 -0800] generic      DEBUG    execute "DROP TABLE "desktop_document";" with params "[]"
[27/Nov/2017 10:14:55 -0800] generic      DEBUG    execute "ALTER TABLE "_south_new_desktop_document" RENAME TO "desktop_document";" with params "[]"
[27/Nov/2017 10:14:55 -0800] generic      DEBUG    execute "CREATE INDEX "desktop_document_cb902d83" ON "desktop_document"("owner_id");" with params "[]"
[27/Nov/2017 10:14:55 -0800] generic      DEBUG    execute "CREATE INDEX "desktop_document_37ef4eb4" ON "desktop_document"("content_type_id");" with params "[]"
[27/Nov/2017 10:14:55 -0800] generic      DEBUG    execute "CREATE INDEX "desktop_document_5ccb38e5" ON "desktop_document"("last_modified");" with params "[]"
[27/Nov/2017 10:14:55 -0800] generic      DEBUG    execute "CREATE TABLE "_south_new_desktop_document" ("content_type_id" integer NOT NULL, "extra" text NOT NULL, "object_id" integer unsigned NOT NULL, "name" varchar(255) NOT NULL, "version" smallint NOT NULL, "last_modified" datetime NOT NULL, "owner_id" integer NOT NULL, "id" integer PRIMARY KEY, "description" text NOT NULL)" with params "[]"
[27/Nov/2017 10:14:55 -0800] generic      DEBUG    execute "INSERT INTO "_south_new_desktop_document" ("description", "extra", "object_id", "content_type_id", "version", "last_modified", "owner_id", "id", "name") SELECT "description", "extra", "object_id", "content_type_id", "version", "last_modified", "owner_id", "id", "name" FROM "desktop_document";" with params "[]"
[27/Nov/2017 10:14:55 -0800] generic      DEBUG    execute "DROP TABLE "desktop_document";" with params "[]"
[27/Nov/2017 10:14:55 -0800] generic      DEBUG    execute "ALTER TABLE "_south_new_desktop_document" RENAME TO "desktop_document";" with params "[]"
[27/Nov/2017 10:14:55 -0800] generic      DEBUG    execute "CREATE INDEX "desktop_document_5ccb38e5" ON "desktop_document"("last_modified");" with params "[]"
[27/Nov/2017 10:14:55 -0800] generic      DEBUG    execute "CREATE INDEX "desktop_document_37ef4eb4" ON "desktop_document"("content_type_id");" with params "[]"
[27/Nov/2017 10:14:55 -0800] generic      DEBUG    execute "CREATE INDEX "desktop_document_cb902d83" ON "desktop_document"("owner_id");" with params "[]"
[27/Nov/2017 10:14:55 -0800] generic      DEBUG    execute "CREATE TABLE "_south_new_desktop_document2" ("uuid" varchar(36) NOT NULL, "extra" text NOT NULL, "data" text NOT NULL, "name" varchar(255) NOT NULL, "last_modified" datetime NOT NULL, "version" smallint NOT NULL, "is_history" bool NOT NULL, "owner_id" integer NOT NULL, "type" varchar(32) NOT NULL, "id" integer PRIMARY KEY, "description" text NOT NULL)" with params "[]"
[27/Nov/2017 10:14:55 -0800] generic      DEBUG    execute "INSERT INTO "_south_new_desktop_document2" ("id", "owner_id", "name", "description", "uuid", "type", "data", "extra", "last_modified", "version", "is_history") SELECT "id", "owner_id", "name", "description", "uuid", "type", "data", "extra", "last_modified", "version", "is_history" FROM "desktop_document2";" with params "[]"
[27/Nov/2017 10:14:55 -0800] generic      DEBUG    execute "DROP TABLE "desktop_document2";" with params "[]"
[27/Nov/2017 10:14:55 -0800] generic      DEBUG    execute "ALTER TABLE "_south_new_desktop_document2" RENAME TO "desktop_document2";" with params "[]"
[27/Nov/2017 10:14:55 -0800] generic      DEBUG    execute "CREATE TABLE "_south_new_desktop_documentpermission" ("perms" varchar(10) NOT NULL, "doc_id" integer NOT NULL, "id" integer PRIMARY KEY)" with params "[]"
[27/Nov/2017 10:14:55 -0800] generic      DEBUG    execute "INSERT INTO "_south_new_desktop_documentpermission" ("perms", "doc_id", "id") SELECT "perms", "doc_id", "id" FROM "desktop_documentpermission";" with params "[]"
[27/Nov/2017 10:14:55 -0800] generic      DEBUG    execute "DROP TABLE "desktop_documentpermission";" with params "[]"
[27/Nov/2017 10:14:55 -0800] generic      DEBUG    execute "ALTER TABLE "_south_new_desktop_documentpermission" RENAME TO "desktop_documentpermission";" with params "[]"
[27/Nov/2017 10:14:55 -0800] generic      DEBUG    execute "CREATE INDEX "desktop_documentpermission_fbbb6049" ON "desktop_documentpermission"("doc_id");" with params "[]"
[27/Nov/2017 10:14:55 -0800] generic      DEBUG    execute "CREATE UNIQUE INDEX "desktop_documenttag_owner_id__tag" ON "desktop_documenttag"("owner_id", "tag");" with params "[]"
[27/Nov/2017 10:14:55 -0800] generic      DEBUG    execute "CREATE UNIQUE INDEX "desktop_document_content_type_id__object_id" ON "desktop_document"("content_type_id", "object_id");" with params "[]"
[27/Nov/2017 10:14:55 -0800] generic      DEBUG    execute "CREATE UNIQUE INDEX "desktop_documentpermission_doc_id__perms" ON "desktop_documentpermission"("doc_id", "perms");" with params "[]"
[27/Nov/2017 10:14:55 -0800] generic      DEBUG    execute "CREATE UNIQUE INDEX "desktop_document2_uuid__version__is_history" ON "desktop_document2"("uuid", "version", "is_history");" with params "[]"
[27/Nov/2017 10:14:55 -0800] generic      DEBUG    execute "CREATE TABLE "desktop_document2permission" ("id" integer NOT NULL PRIMARY KEY, "doc_id" integer NOT NULL, "all" bool NOT NULL, "perms" varchar(10) NOT NULL)" with params "[]"
[27/Nov/2017 10:14:55 -0800] generic      DEBUG    execute "CREATE TABLE "documentpermission2_users" ("id" integer NOT NULL PRIMARY KEY, "document2permission_id" integer NOT NULL, "user_id" integer NOT NULL)" with params "[]"
[27/Nov/2017 10:14:55 -0800] generic      DEBUG    execute "CREATE UNIQUE INDEX "documentpermission2_users_document2permission_id__user_id" ON "documentpermission2_users"("document2permission_id", "user_id");" with params "[]"
[27/Nov/2017 10:14:55 -0800] generic      DEBUG    execute "CREATE TABLE "documentpermission2_groups" ("id" integer NOT NULL PRIMARY KEY, "document2permission_id" integer NOT NULL, "group_id" integer NOT NULL)" with params "[]"
[27/Nov/2017 10:14:55 -0800] generic      DEBUG    execute "CREATE UNIQUE INDEX "documentpermission2_groups_document2permission_id__group_id" ON "documentpermission2_groups"("document2permission_id", "group_id");" with params "[]"
[27/Nov/2017 10:14:55 -0800] generic      DEBUG    execute "CREATE UNIQUE INDEX "desktop_document2permission_doc_id__perms" ON "desktop_document2permission"("doc_id", "perms");" with params "[]"
[27/Nov/2017 10:14:55 -0800] generic      DEBUG    execute "CREATE INDEX "desktop_document2permission_fbbb6049" ON "desktop_document2permission" ("doc_id");" with params "[]"
[27/Nov/2017 10:14:55 -0800] generic      DEBUG    execute "CREATE INDEX "desktop_document2permission_ec9766c6" ON "desktop_document2permission" ("all");" with params "[]"
[27/Nov/2017 10:14:55 -0800] generic      DEBUG    execute "CREATE INDEX "desktop_document2permission_148edb5b" ON "desktop_document2permission" ("perms");" with params "[]"
[27/Nov/2017 10:14:55 -0800] generic      DEBUG    execute "CREATE INDEX "documentpermission2_users_7a114f0f" ON "documentpermission2_users" ("document2permission_id");" with params "[]"
[27/Nov/2017 10:14:55 -0800] generic      DEBUG    execute "CREATE INDEX "documentpermission2_users_6340c63c" ON "documentpermission2_users" ("user_id");" with params "[]"
[27/Nov/2017 10:14:55 -0800] generic      DEBUG    execute "CREATE INDEX "documentpermission2_groups_7a114f0f" ON "documentpermission2_groups" ("document2permission_id");" with params "[]"
[27/Nov/2017 10:14:55 -0800] generic      DEBUG    execute "CREATE INDEX "documentpermission2_groups_5f412f9a" ON "documentpermission2_groups" ("group_id");" with params "[]"
[27/Nov/2017 10:14:55 -0800] generic      DEBUG    execute "CREATE TABLE "_south_new_desktop_document2" ("uuid" varchar(36) NOT NULL, "extra" text NOT NULL, "type" varchar(32) NOT NULL, "description" text NOT NULL, "parent_directory_id" integer NULL, "is_history" bool NOT NULL, "version" smallint NOT NULL, "last_modified" datetime NOT NULL, "owner_id" integer NOT NULL, "data" text NOT NULL, "id" integer PRIMARY KEY, "name" varchar(255) NOT NULL)" with params "[]"
[27/Nov/2017 10:14:55 -0800] generic      DEBUG    execute "INSERT INTO "_south_new_desktop_document2" ("uuid", "extra", "data", "name", "last_modified", "version", "is_history", "owner_id", "type", "id", "description") SELECT "uuid", "extra", "data", "name", "last_modified", "version", "is_history", "owner_id", "type", "id", "description" FROM "desktop_document2";" with params "[]"
[27/Nov/2017 10:14:55 -0800] generic      DEBUG    execute "DROP TABLE "desktop_document2";" with params "[]"
[27/Nov/2017 10:14:55 -0800] generic      DEBUG    execute "ALTER TABLE "_south_new_desktop_document2" RENAME TO "desktop_document2";" with params "[]"
[27/Nov/2017 10:14:55 -0800] generic      DEBUG    execute "CREATE UNIQUE INDEX "desktop_document2_uuid__version__is_history" ON "desktop_document2"("uuid", "version", "is_history");" with params "[]"
[27/Nov/2017 10:14:55 -0800] generic      DEBUG    execute "DROP TABLE "desktop_document2_tags";" with params "[]"
[27/Nov/2017 10:14:55 -0800] generic      DEBUG    execute "CREATE TABLE "_south_new_desktop_document2permission" ("perms" varchar(10) NOT NULL, "doc_id" integer NOT NULL, "id" integer PRIMARY KEY)" with params "[]"
[27/Nov/2017 10:14:55 -0800] generic      DEBUG    execute "INSERT INTO "_south_new_desktop_document2permission" ("id", "doc_id", "perms") SELECT "id", "doc_id", "perms" FROM "desktop_document2permission";" with params "[]"
[27/Nov/2017 10:14:55 -0800] generic      DEBUG    execute "DROP TABLE "desktop_document2permission";" with params "[]"
[27/Nov/2017 10:14:55 -0800] generic      DEBUG    execute "ALTER TABLE "_south_new_desktop_document2permission" RENAME TO "desktop_document2permission";" with params "[]"
[27/Nov/2017 10:14:55 -0800] generic      DEBUG    execute "CREATE INDEX "desktop_document2permission_148edb5b" ON "desktop_document2permission"("perms");" with params "[]"
[27/Nov/2017 10:14:55 -0800] generic      DEBUG    execute "CREATE INDEX "desktop_document2permission_fbbb6049" ON "desktop_document2permission"("doc_id");" with params "[]"
[27/Nov/2017 10:14:55 -0800] generic      DEBUG    execute "CREATE UNIQUE INDEX "desktop_document2permission_doc_id__perms" ON "desktop_document2permission"("doc_id", "perms");" with params "[]"
[27/Nov/2017 10:14:55 -0800] generic      DEBUG    execute "CREATE TABLE "desktop_defaultconfiguration" ("id" integer NOT NULL PRIMARY KEY, "app" varchar(32) NOT NULL, "properties" text NOT NULL, "is_default" bool NOT NULL, "group_id" integer NULL, "user_id" integer NULL)" with params "[]"
[27/Nov/2017 10:14:55 -0800] generic      DEBUG    execute "CREATE UNIQUE INDEX "desktop_defaultconfiguration_app__is_default__group_id__user_id" ON "desktop_defaultconfiguration"("app", "is_default", "group_id", "user_id");" with params "[]"
[27/Nov/2017 10:14:55 -0800] generic      DEBUG    execute "CREATE INDEX "desktop_defaultconfiguration_60fc113e" ON "desktop_defaultconfiguration" ("app");" with params "[]"
[27/Nov/2017 10:14:55 -0800] generic      DEBUG    execute "CREATE INDEX "desktop_defaultconfiguration_d2c4b3f2" ON "desktop_defaultconfiguration" ("is_default");" with params "[]"
[27/Nov/2017 10:14:55 -0800] generic      DEBUG    execute "CREATE INDEX "desktop_defaultconfiguration_5f412f9a" ON "desktop_defaultconfiguration" ("group_id");" with params "[]"
[27/Nov/2017 10:14:55 -0800] generic      DEBUG    execute "CREATE INDEX "desktop_defaultconfiguration_6340c63c" ON "desktop_defaultconfiguration" ("user_id");" with params "[]"
[27/Nov/2017 10:14:55 -0800] generic      DEBUG    execute "CREATE TABLE "_south_new_desktop_defaultconfiguration" ("user_id" integer, "app" varchar(32) NOT NULL, "properties" text NOT NULL, "is_default" bool NOT NULL, "group_id" integer, "id" integer PRIMARY KEY)" with params "[]"
[27/Nov/2017 10:14:55 -0800] generic      DEBUG    execute "INSERT INTO "_south_new_desktop_defaultconfiguration" ("id", "app", "properties", "is_default", "group_id", "user_id") SELECT "id", "app", "properties", "is_default", "group_id", "user_id" FROM "desktop_defaultconfiguration";" with params "[]"
[27/Nov/2017 10:14:55 -0800] generic      DEBUG    execute "DROP TABLE "desktop_defaultconfiguration";" with params "[]"
[27/Nov/2017 10:14:55 -0800] generic      DEBUG    execute "ALTER TABLE "_south_new_desktop_defaultconfiguration" RENAME TO "desktop_defaultconfiguration";" with params "[]"
[27/Nov/2017 10:14:55 -0800] generic      DEBUG    execute "CREATE INDEX "desktop_defaultconfiguration_6340c63c" ON "desktop_defaultconfiguration"("user_id");" with params "[]"
[27/Nov/2017 10:14:55 -0800] generic      DEBUG    execute "CREATE INDEX "desktop_defaultconfiguration_5f412f9a" ON "desktop_defaultconfiguration"("group_id");" with params "[]"
[27/Nov/2017 10:14:55 -0800] generic      DEBUG    execute "CREATE INDEX "desktop_defaultconfiguration_d2c4b3f2" ON "desktop_defaultconfiguration"("is_default");" with params "[]"
[27/Nov/2017 10:14:55 -0800] generic      DEBUG    execute "CREATE INDEX "desktop_defaultconfiguration_60fc113e" ON "desktop_defaultconfiguration"("app");" with params "[]"
[27/Nov/2017 10:14:55 -0800] generic      DEBUG    execute "CREATE TABLE "_south_new_desktop_defaultconfiguration" ("is_default" bool NOT NULL, "app" varchar(32) NOT NULL, "user_id" integer, "properties" text NOT NULL, "id" integer PRIMARY KEY)" with params "[]"
[27/Nov/2017 10:14:55 -0800] generic      DEBUG    execute "INSERT INTO "_south_new_desktop_defaultconfiguration" ("user_id", "app", "properties", "is_default", "id") SELECT "user_id", "app", "properties", "is_default", "id" FROM "desktop_defaultconfiguration";" with params "[]"
[27/Nov/2017 10:14:55 -0800] generic      DEBUG    execute "DROP TABLE "desktop_defaultconfiguration";" with params "[]"
[27/Nov/2017 10:14:55 -0800] generic      DEBUG    execute "ALTER TABLE "_south_new_desktop_defaultconfiguration" RENAME TO "desktop_defaultconfiguration";" with params "[]"
[27/Nov/2017 10:14:55 -0800] generic      DEBUG    execute "CREATE INDEX "desktop_defaultconfiguration_60fc113e" ON "desktop_defaultconfiguration"("app");" with params "[]"
[27/Nov/2017 10:14:55 -0800] generic      DEBUG    execute "CREATE INDEX "desktop_defaultconfiguration_d2c4b3f2" ON "desktop_defaultconfiguration"("is_default");" with params "[]"
[27/Nov/2017 10:14:55 -0800] generic      DEBUG    execute "CREATE INDEX "desktop_defaultconfiguration_6340c63c" ON "desktop_defaultconfiguration"("user_id");" with params "[]"
[27/Nov/2017 10:14:55 -0800] generic      DEBUG    execute "CREATE TABLE "defaultconfiguration_groups" ("id" integer NOT NULL PRIMARY KEY, "defaultconfiguration_id" integer NOT NULL, "group_id" integer NOT NULL)" with params "[]"
[27/Nov/2017 10:14:55 -0800] generic      DEBUG    execute "CREATE UNIQUE INDEX "defaultconfiguration_groups_defaultconfiguration_id__group_id" ON "defaultconfiguration_groups"("defaultconfiguration_id", "group_id");" with params "[]"
[27/Nov/2017 10:14:55 -0800] generic      DEBUG    execute "CREATE UNIQUE INDEX "desktop_defaultconfiguration_app__is_default__user_id" ON "desktop_defaultconfiguration"("app", "is_default", "user_id");" with params "[]"
[27/Nov/2017 10:14:55 -0800] generic      DEBUG    execute "CREATE INDEX "defaultconfiguration_groups_3c818360" ON "defaultconfiguration_groups" ("defaultconfiguration_id");" with params "[]"
[27/Nov/2017 10:14:55 -0800] generic      DEBUG    execute "CREATE INDEX "defaultconfiguration_groups_5f412f9a" ON "defaultconfiguration_groups" ("group_id");" with params "[]"
[27/Nov/2017 10:14:55 -0800] generic      DEBUG    execute "CREATE TABLE "_south_new_desktop_defaultconfiguration" ("is_default" bool NOT NULL, "app" varchar(32) NOT NULL, "user_id" integer, "properties" text NOT NULL, "id" integer PRIMARY KEY)" with params "[]"
[27/Nov/2017 10:14:55 -0800] generic      DEBUG    execute "INSERT INTO "_south_new_desktop_defaultconfiguration" ("is_default", "app", "user_id", "properties", "id") SELECT "is_default", "app", "user_id", "properties", "id" FROM "desktop_defaultconfiguration";" with params "[]"
[27/Nov/2017 10:14:55 -0800] generic      DEBUG    execute "DROP TABLE "desktop_defaultconfiguration";" with params "[]"
[27/Nov/2017 10:14:55 -0800] generic      DEBUG    execute "ALTER TABLE "_south_new_desktop_defaultconfiguration" RENAME TO "desktop_defaultconfiguration";" with params "[]"
[27/Nov/2017 10:14:55 -0800] generic      DEBUG    execute "CREATE INDEX "desktop_defaultconfiguration_6340c63c" ON "desktop_defaultconfiguration"("user_id");" with params "[]"
[27/Nov/2017 10:14:55 -0800] generic      DEBUG    execute "CREATE INDEX "desktop_defaultconfiguration_d2c4b3f2" ON "desktop_defaultconfiguration"("is_default");" with params "[]"
[27/Nov/2017 10:14:55 -0800] generic      DEBUG    execute "CREATE INDEX "desktop_defaultconfiguration_60fc113e" ON "desktop_defaultconfiguration"("app");" with params "[]"
[27/Nov/2017 10:14:55 -0800] generic      DEBUG    execute "CREATE TABLE "_south_new_desktop_document2" ("search" text NULL, "description" text NOT NULL, "name" varchar(255) NOT NULL, "extra" text NOT NULL, "data" text NOT NULL, "parent_directory_id" integer, "is_history" bool NOT NULL, "version" smallint NOT NULL, "last_modified" datetime NOT NULL, "owner_id" integer NOT NULL, "type" varchar(32) NOT NULL, "id" integer PRIMARY KEY, "uuid" varchar(36) NOT NULL)" with params "[]"
[27/Nov/2017 10:14:55 -0800] generic      DEBUG    execute "INSERT INTO "_south_new_desktop_document2" ("uuid", "extra", "type", "description", "parent_directory_id", "is_history", "version", "last_modified", "owner_id", "data", "id", "name") SELECT "uuid", "extra", "type", "description", "parent_directory_id", "is_history", "version", "last_modified", "owner_id", "data", "id", "name" FROM "desktop_document2";" with params "[]"
[27/Nov/2017 10:14:55 -0800] generic      DEBUG    execute "DROP TABLE "desktop_document2";" with params "[]"
[27/Nov/2017 10:14:55 -0800] generic      DEBUG    execute "ALTER TABLE "_south_new_desktop_document2" RENAME TO "desktop_document2";" with params "[]"
[27/Nov/2017 10:14:55 -0800] generic      DEBUG    execute "CREATE UNIQUE INDEX "desktop_document2_uuid__version__is_history" ON "desktop_document2"("uuid", "version", "is_history");" with params "[]"
[27/Nov/2017 10:14:55 -0800] generic      DEBUG    execute "CREATE TABLE "_south_new_desktop_document2" ("search" text, "description" text NOT NULL, "extra" text NOT NULL, "type" varchar(32) NOT NULL, "parent_directory_id" integer, "uuid" varchar(36) NOT NULL, "is_history" bool NOT NULL, "version" smallint NOT NULL, "last_modified" datetime NOT NULL, "is_managed" bool NOT NULL, "owner_id" integer NOT NULL, "data" text NOT NULL, "id" integer PRIMARY KEY, "name" varchar(255) NOT NULL)" with params "[]"
[27/Nov/2017 10:14:55 -0800] generic      DEBUG    execute "INSERT INTO "_south_new_desktop_document2" ("search", "description", "name", "extra", "data", "parent_directory_id", "is_history", "version", "last_modified", "owner_id", "type", "id", "uuid", "is_managed") SELECT "search", "description", "name", "extra", "data", "parent_directory_id", "is_history", "version", "last_modified", "owner_id", "type", "id", "uuid", 'False' as "is_managed" FROM "desktop_document2";" with params "[]"
[27/Nov/2017 10:14:55 -0800] generic      DEBUG    execute "DROP TABLE "desktop_document2";" with params "[]"
[27/Nov/2017 10:14:55 -0800] generic      DEBUG    execute "ALTER TABLE "_south_new_desktop_document2" RENAME TO "desktop_document2";" with params "[]"
[27/Nov/2017 10:14:55 -0800] generic      DEBUG    execute "CREATE UNIQUE INDEX "desktop_document2_uuid__version__is_history" ON "desktop_document2"("uuid", "version", "is_history");" with params "[]"
